<?xml version="1.0" encoding="UTF-8"?>
<testsuite name="io.confluent.developer.aggregate.StreamsAggregateTest" tests="1" skipped="0" failures="0" errors="0" timestamp="2022-05-12T09:16:20" hostname="rfbox" time="1.796">
  <properties/>
  <testcase name="shouldAggregateRecords" classname="io.confluent.developer.aggregate.StreamsAggregateTest" time="1.796"/>
  <system-out><![CDATA[]]></system-out>
  <system-err><![CDATA[]]></system-err>
</testsuite>
